[12:07:07] Watchdog started (PID 23618)
[12:41:17] Watchdog started (PID 27617)
[12:41:17] Watchdog started (PID 27617)
[12:54:24] Watchdog started (PID 29110)
[12:54:24] Watchdog started (PID 29110)
scripts/watchdog.sh: line 27: mapfile: command not found
[13:10:05] Watchdog started (PID 30743)
[13:10:05] Watchdog started (PID 30743)
[13:24:30] Killing stale sleep 30712 blocking tee 30709 (0-E.log)
[13:24:30] Killing stale sleep 30712 blocking tee 30709 (0-E.log)
[13:34:33] Killing stale sleep 32928 blocking tee 32925 (1-A.log)
[13:34:33] Killing stale sleep 32928 blocking tee 32925 (1-A.log)
[13:37:07] Killing stale sleep 35099 blocking tee 35096 (1-B.log)
[13:37:07] Killing stale sleep 35099 blocking tee 35096 (1-B.log)
[13:38:23] Killing stale sleep 35711 blocking tee 35708 (1-B.log)
[13:38:23] Killing stale sleep 35711 blocking tee 35708 (1-B.log)
[13:39:20] Killing stale sleep 35959 blocking tee 35956 (1-B.log)
[13:39:20] Killing stale sleep 35959 blocking tee 35956 (1-B.log)
[13:39:40] Killing stale sleep 36159 blocking tee 36156 (1-C.log)
[13:39:40] Killing stale sleep 36159 blocking tee 36156 (1-C.log)
[13:50:31] Killing stale sleep 36325 blocking tee 36322 (1-C.log)
[13:50:31] Killing stale sleep 36325 blocking tee 36322 (1-C.log)
[13:52:17] Killing stale sleep 36536 blocking tee 36533 (1-C.log)
[13:52:17] Killing stale sleep 36536 blocking tee 36533 (1-C.log)
[13:52:47] Killing stale sleep 36737 blocking tee 36734 (1-D.log)
[13:52:47] Killing stale sleep 36737 blocking tee 36734 (1-D.log)
[13:59:20] Killing stale sleep 36903 blocking tee 36900 (1-D.log)
[13:59:20] Killing stale sleep 36903 blocking tee 36900 (1-D.log)
[14:00:10] Killing stale sleep 37139 blocking tee 37136 (1-D.log)
[14:00:10] Killing stale sleep 37139 blocking tee 37136 (1-D.log)
[14:00:30] Killing stale sleep 37292 blocking tee 37289 (1-E.log)
[14:00:30] Killing stale sleep 37292 blocking tee 37289 (1-E.log)
[14:01:26] Killing stale sleep 37447 blocking tee 37443 (1-E.log)
[14:01:26] Killing stale sleep 37447 blocking tee 37443 (1-E.log)
[14:02:22] Killing stale sleep 37651 blocking tee 37647 (1-E.log)
[14:02:22] Killing stale sleep 37651 blocking tee 37647 (1-E.log)
[14:02:42] Killing stale sleep 37850 blocking tee 37847 (1-F.log)
[14:02:42] Killing stale sleep 37850 blocking tee 37847 (1-F.log)
[14:03:38] Killing stale sleep 38001 blocking tee 37998 (1-F.log)
[14:03:38] Killing stale sleep 38001 blocking tee 37998 (1-F.log)
[14:04:34] Killing stale sleep 38206 blocking tee 38203 (1-F.log)
[14:04:34] Killing stale sleep 38206 blocking tee 38203 (1-F.log)
[14:04:54] Killing stale sleep 38412 blocking tee 38409 (1-G.log)
[14:04:54] Killing stale sleep 38412 blocking tee 38409 (1-G.log)
[14:05:50] Killing stale sleep 38572 blocking tee 38569 (1-G.log)
[14:05:50] Killing stale sleep 38572 blocking tee 38569 (1-G.log)
[14:06:46] Killing stale sleep 38776 blocking tee 38773 (1-G.log)
[14:06:46] Killing stale sleep 38776 blocking tee 38773 (1-G.log)
[14:07:06] Killing stale sleep 38970 blocking tee 38967 (1-H.log)
[14:07:06] Killing stale sleep 38970 blocking tee 38967 (1-H.log)
[14:07:57] Killing stale sleep 39125 blocking tee 39122 (1-H.log)
[14:07:57] Killing stale sleep 39125 blocking tee 39122 (1-H.log)
[14:08:53] Killing stale sleep 39279 blocking tee 39276 (1-H.log)
[14:08:53] Killing stale sleep 39279 blocking tee 39276 (1-H.log)
[14:09:13] Killing stale sleep 39479 blocking tee 39476 (1-I.log)
[14:09:13] Killing stale sleep 39479 blocking tee 39476 (1-I.log)
[14:10:09] Killing stale sleep 39639 blocking tee 39636 (1-I.log)
[14:10:09] Killing stale sleep 39639 blocking tee 39636 (1-I.log)
[14:10:59] Killing stale sleep 39864 blocking tee 39861 (1-I.log)
[14:10:59] Killing stale sleep 39864 blocking tee 39861 (1-I.log)
[14:11:20] Killing stale sleep 40010 blocking tee 40007 (1-J.log)
[14:11:20] Killing stale sleep 40010 blocking tee 40007 (1-J.log)
[14:12:16] Killing stale sleep 40165 blocking tee 40162 (1-J.log)
[14:12:16] Killing stale sleep 40165 blocking tee 40162 (1-J.log)
[14:13:12] Killing stale sleep 40367 blocking tee 40364 (1-J.log)
[14:13:12] Killing stale sleep 40367 blocking tee 40364 (1-J.log)
[14:13:32] Killing stale sleep 40568 blocking tee 40565 (2-A.log)
[14:13:32] Killing stale sleep 40568 blocking tee 40565 (2-A.log)
[14:14:28] Killing stale sleep 40719 blocking tee 40716 (2-A.log)
[14:14:28] Killing stale sleep 40719 blocking tee 40716 (2-A.log)
[14:15:23] Killing stale sleep 40927 blocking tee 40924 (2-A.log)
[14:15:23] Killing stale sleep 40927 blocking tee 40924 (2-A.log)
[14:15:44] Killing stale sleep 41123 blocking tee 41120 (2-B.log)
[14:15:44] Killing stale sleep 41123 blocking tee 41120 (2-B.log)
[14:16:39] Killing stale sleep 41291 blocking tee 41288 (2-B.log)
[14:16:39] Killing stale sleep 41291 blocking tee 41288 (2-B.log)
[14:17:35] Killing stale sleep 41495 blocking tee 41492 (2-B.log)
[14:17:35] Killing stale sleep 41495 blocking tee 41492 (2-B.log)
[14:17:56] Killing stale sleep 41726 blocking tee 41723 (2-C.log)
[14:17:56] Killing stale sleep 41726 blocking tee 41723 (2-C.log)
[14:18:51] Killing stale sleep 41912 blocking tee 41908 (2-C.log)
[14:18:51] Killing stale sleep 41912 blocking tee 41908 (2-C.log)
[14:19:47] Killing stale sleep 42118 blocking tee 42113 (2-C.log)
[14:19:47] Killing stale sleep 42118 blocking tee 42113 (2-C.log)
[14:20:08] Killing stale sleep 42312 blocking tee 42309 (2-D.log)
[14:20:08] Killing stale sleep 42312 blocking tee 42309 (2-D.log)
[14:21:03] Killing stale sleep 42469 blocking tee 42466 (2-D.log)
[14:21:03] Killing stale sleep 42469 blocking tee 42466 (2-D.log)
[14:21:59] Killing stale sleep 42685 blocking tee 42682 (2-D.log)
[14:21:59] Killing stale sleep 42685 blocking tee 42682 (2-D.log)
[14:22:20] Killing stale sleep 42884 blocking tee 42881 (2-E.log)
[14:22:20] Killing stale sleep 42884 blocking tee 42881 (2-E.log)
[14:23:10] Killing stale sleep 43037 blocking tee 43034 (2-E.log)
[14:23:10] Killing stale sleep 43037 blocking tee 43034 (2-E.log)
[14:24:06] Killing stale sleep 43189 blocking tee 43186 (2-E.log)
[14:24:06] Killing stale sleep 43189 blocking tee 43186 (2-E.log)
[14:24:26] Killing stale sleep 43385 blocking tee 43382 (2-F.log)
[14:24:26] Killing stale sleep 43385 blocking tee 43382 (2-F.log)
[14:25:22] Killing stale sleep 43540 blocking tee 43537 (2-F.log)
[14:25:22] Killing stale sleep 43540 blocking tee 43537 (2-F.log)
[14:26:18] Killing stale sleep 43743 blocking tee 43740 (2-F.log)
[14:26:18] Killing stale sleep 43743 blocking tee 43740 (2-F.log)
[14:26:38] Killing stale sleep 43959 blocking tee 43956 (2-G.log)
[14:26:38] Killing stale sleep 43959 blocking tee 43956 (2-G.log)
[14:27:34] Killing stale sleep 44107 blocking tee 44104 (2-G.log)
[14:27:34] Killing stale sleep 44107 blocking tee 44104 (2-G.log)
[14:28:25] Killing stale sleep 44314 blocking tee 44311 (2-G.log)
[14:28:25] Killing stale sleep 44314 blocking tee 44311 (2-G.log)
[14:28:45] Killing stale sleep 44462 blocking tee 44459 (2-H.log)
[14:28:45] Killing stale sleep 44462 blocking tee 44459 (2-H.log)
[14:29:41] Killing stale sleep 44617 blocking tee 44613 (2-H.log)
[14:29:41] Killing stale sleep 44617 blocking tee 44613 (2-H.log)
[14:30:37] Killing stale sleep 44819 blocking tee 44816 (2-H.log)
[14:30:37] Killing stale sleep 44819 blocking tee 44816 (2-H.log)
[14:30:57] Killing stale sleep 45027 blocking tee 45024 (2-I.log)
[14:30:57] Killing stale sleep 45027 blocking tee 45024 (2-I.log)
[14:31:53] Killing stale sleep 45191 blocking tee 45188 (2-I.log)
[14:31:53] Killing stale sleep 45191 blocking tee 45188 (2-I.log)
[14:32:48] Killing stale sleep 45405 blocking tee 45402 (2-I.log)
[14:32:48] Killing stale sleep 45405 blocking tee 45402 (2-I.log)
[14:33:09] Killing stale sleep 45602 blocking tee 45599 (2-J.log)
[14:33:09] Killing stale sleep 45602 blocking tee 45599 (2-J.log)
[14:34:04] Killing stale sleep 45773 blocking tee 45770 (2-J.log)
[14:34:04] Killing stale sleep 45773 blocking tee 45770 (2-J.log)
[14:35:00] Killing stale sleep 45988 blocking tee 45985 (2-J.log)
[14:35:00] Killing stale sleep 45988 blocking tee 45985 (2-J.log)
[14:35:20] Killing stale sleep 46187 blocking tee 46184 (3-A.log)
[14:35:20] Killing stale sleep 46187 blocking tee 46184 (3-A.log)
[14:36:16] Killing stale sleep 46340 blocking tee 46337 (3-A.log)
[14:36:16] Killing stale sleep 46340 blocking tee 46337 (3-A.log)
[14:37:12] Killing stale sleep 46556 blocking tee 46553 (3-A.log)
[14:37:12] Killing stale sleep 46556 blocking tee 46553 (3-A.log)
[14:37:32] Killing stale sleep 46762 blocking tee 46759 (3-B.log)
[14:37:32] Killing stale sleep 46762 blocking tee 46759 (3-B.log)
[14:38:28] Killing stale sleep 46924 blocking tee 46921 (3-B.log)
[14:38:28] Killing stale sleep 46924 blocking tee 46921 (3-B.log)
[14:39:19] Killing stale sleep 47137 blocking tee 47134 (3-B.log)
[14:39:19] Killing stale sleep 47137 blocking tee 47134 (3-B.log)
[14:39:39] Killing stale sleep 47285 blocking tee 47282 (3-C.log)
[14:39:39] Killing stale sleep 47285 blocking tee 47282 (3-C.log)
[14:40:35] Killing stale sleep 47436 blocking tee 47433 (3-C.log)
[14:40:35] Killing stale sleep 47436 blocking tee 47433 (3-C.log)
[14:41:31] Killing stale sleep 47642 blocking tee 47639 (3-C.log)
[14:41:31] Killing stale sleep 47642 blocking tee 47639 (3-C.log)
[14:41:51] Killing stale sleep 47856 blocking tee 47853 (3-D.log)
[14:41:51] Killing stale sleep 47856 blocking tee 47853 (3-D.log)
[14:42:47] Killing stale sleep 48012 blocking tee 48009 (3-D.log)
[14:42:47] Killing stale sleep 48012 blocking tee 48009 (3-D.log)
[14:43:43] Killing stale sleep 48217 blocking tee 48214 (3-D.log)
[14:43:43] Killing stale sleep 48217 blocking tee 48214 (3-D.log)
[14:44:03] Killing stale sleep 48417 blocking tee 48414 (3-E.log)
[14:44:03] Killing stale sleep 48417 blocking tee 48414 (3-E.log)
[14:44:59] Killing stale sleep 48575 blocking tee 48571 (3-E.log)
[14:44:59] Killing stale sleep 48575 blocking tee 48571 (3-E.log)
[14:45:55] Killing stale sleep 48786 blocking tee 48782 (3-E.log)
[14:45:55] Killing stale sleep 48786 blocking tee 48782 (3-E.log)
[14:46:15] Killing stale sleep 48982 blocking tee 48979 (3-F.log)
[14:46:15] Killing stale sleep 48982 blocking tee 48979 (3-F.log)
[14:47:11] Killing stale sleep 49135 blocking tee 49130 (3-F.log)
[14:47:11] Killing stale sleep 49135 blocking tee 49130 (3-F.log)
[14:48:07] Killing stale sleep 49358 blocking tee 49354 (3-F.log)
[14:48:07] Killing stale sleep 49358 blocking tee 49354 (3-F.log)
[14:48:27] Killing stale sleep 49604 blocking tee 49601 (3-G.log)
[14:48:27] Killing stale sleep 49604 blocking tee 49601 (3-G.log)
[14:49:23] Killing stale sleep 49781 blocking tee 49778 (3-G.log)
[14:49:23] Killing stale sleep 49781 blocking tee 49778 (3-G.log)
[14:50:19] Killing stale sleep 49995 blocking tee 49992 (3-G.log)
[14:50:19] Killing stale sleep 49995 blocking tee 49992 (3-G.log)
[14:50:39] Killing stale sleep 50229 blocking tee 50226 (4-A.log)
[14:50:39] Killing stale sleep 50229 blocking tee 50226 (4-A.log)
[14:51:35] Killing stale sleep 50383 blocking tee 50380 (4-A.log)
[14:51:35] Killing stale sleep 50383 blocking tee 50380 (4-A.log)
[14:52:26] Killing stale sleep 50590 blocking tee 50587 (4-A.log)
[14:52:26] Killing stale sleep 50590 blocking tee 50587 (4-A.log)
[14:52:46] Killing stale sleep 50737 blocking tee 50734 (4-B.log)
[14:52:46] Killing stale sleep 50737 blocking tee 50734 (4-B.log)
[14:53:42] Killing stale sleep 50907 blocking tee 50904 (4-B.log)
[14:53:42] Killing stale sleep 50907 blocking tee 50904 (4-B.log)
[14:54:37] Killing stale sleep 51107 blocking tee 51104 (4-B.log)
[14:54:37] Killing stale sleep 51107 blocking tee 51104 (4-B.log)
[14:54:58] Killing stale sleep 51305 blocking tee 51302 (4-C.log)
[14:54:58] Killing stale sleep 51305 blocking tee 51302 (4-C.log)
[14:55:54] Killing stale sleep 51464 blocking tee 51461 (4-C.log)
[14:55:54] Killing stale sleep 51464 blocking tee 51461 (4-C.log)
[14:56:50] Killing stale sleep 51677 blocking tee 51674 (4-C.log)
[14:56:50] Killing stale sleep 51677 blocking tee 51674 (4-C.log)
[14:57:10] Killing stale sleep 51880 blocking tee 51877 (4-D.log)
[14:57:10] Killing stale sleep 51880 blocking tee 51877 (4-D.log)
[14:58:06] Killing stale sleep 52037 blocking tee 52034 (4-D.log)
[14:58:06] Killing stale sleep 52037 blocking tee 52034 (4-D.log)
[14:59:01] Killing stale sleep 52261 blocking tee 52258 (4-D.log)
[14:59:01] Killing stale sleep 52261 blocking tee 52258 (4-D.log)
[14:59:22] Killing stale sleep 52468 blocking tee 52465 (4-E.log)
[14:59:22] Killing stale sleep 52468 blocking tee 52465 (4-E.log)
[15:00:18] Killing stale sleep 52620 blocking tee 52617 (4-E.log)
[15:00:18] Killing stale sleep 52620 blocking tee 52617 (4-E.log)
[15:15:59] Killing stale sleep 52854 blocking tee 52851 (4-E.log)
[15:15:59] Killing stale sleep 52854 blocking tee 52851 (4-E.log)
[15:16:29] Killing stale sleep 53137 blocking tee 53134 (4-F.log)
[15:16:29] Killing stale sleep 53137 blocking tee 53134 (4-F.log)
[15:17:30] Killing stale sleep 53320 blocking tee 53317 (4-F.log)
[15:17:30] Killing stale sleep 53320 blocking tee 53317 (4-F.log)
[15:18:45] Killing stale sleep 53552 blocking tee 53549 (4-F.log)
[15:18:45] Killing stale sleep 53552 blocking tee 53549 (4-F.log)
[15:19:16] Killing stale sleep 53785 blocking tee 53782 (4-G.log)
[15:19:16] Killing stale sleep 53785 blocking tee 53782 (4-G.log)
[15:20:34] Killing stale sleep 53964 blocking tee 53961 (4-G.log)
[15:20:34] Killing stale sleep 53964 blocking tee 53961 (4-G.log)
[15:21:50] Killing stale sleep 54213 blocking tee 54210 (4-G.log)
[15:21:50] Killing stale sleep 54213 blocking tee 54210 (4-G.log)
[15:22:20] Killing stale sleep 54442 blocking tee 54439 (5-A.log)
[15:22:20] Killing stale sleep 54442 blocking tee 54439 (5-A.log)
[15:23:36] Killing stale sleep 54646 blocking tee 54643 (5-A.log)
[15:23:36] Killing stale sleep 54646 blocking tee 54643 (5-A.log)
[15:24:52] Killing stale sleep 54881 blocking tee 54878 (5-A.log)
[15:24:52] Killing stale sleep 54881 blocking tee 54878 (5-A.log)
[15:25:22] Killing stale sleep 55113 blocking tee 55110 (5-B.log)
[15:25:22] Killing stale sleep 55113 blocking tee 55110 (5-B.log)
[15:26:38] Killing stale sleep 55292 blocking tee 55289 (5-B.log)
[15:26:38] Killing stale sleep 55292 blocking tee 55289 (5-B.log)
[15:27:54] Killing stale sleep 55532 blocking tee 55529 (5-B.log)
[15:27:54] Killing stale sleep 55532 blocking tee 55529 (5-B.log)
[15:28:24] Killing stale sleep 55761 blocking tee 55758 (5-C.log)
[15:28:24] Killing stale sleep 55761 blocking tee 55758 (5-C.log)
[15:29:40] Killing stale sleep 55949 blocking tee 55946 (5-C.log)
[15:29:40] Killing stale sleep 55949 blocking tee 55946 (5-C.log)
[15:30:56] Killing stale sleep 56194 blocking tee 56191 (5-C.log)
[15:30:56] Killing stale sleep 56194 blocking tee 56191 (5-C.log)
[15:31:26] Killing stale sleep 56429 blocking tee 56426 (5-D.log)
[15:31:26] Killing stale sleep 56429 blocking tee 56426 (5-D.log)
[15:32:42] Killing stale sleep 56608 blocking tee 56605 (5-D.log)
[15:32:42] Killing stale sleep 56608 blocking tee 56605 (5-D.log)
[15:33:58] Killing stale sleep 56852 blocking tee 56849 (5-D.log)
[15:33:58] Killing stale sleep 56852 blocking tee 56849 (5-D.log)
[15:34:29] Killing stale sleep 57077 blocking tee 57074 (5-E.log)
[15:34:29] Killing stale sleep 57077 blocking tee 57074 (5-E.log)
[15:35:45] Killing stale sleep 57251 blocking tee 57248 (5-E.log)
[15:35:45] Killing stale sleep 57251 blocking tee 57248 (5-E.log)
[15:36:45] Killing stale sleep 57488 blocking tee 57485 (5-E.log)
[15:36:45] Killing stale sleep 57488 blocking tee 57485 (5-E.log)
[15:37:16] Killing stale sleep 57648 blocking tee 57645 (5-F.log)
[15:37:16] Killing stale sleep 57648 blocking tee 57645 (5-F.log)
[15:38:32] Killing stale sleep 57825 blocking tee 57822 (5-F.log)
[15:38:32] Killing stale sleep 57825 blocking tee 57822 (5-F.log)
[15:40:14] Killing stale sleep 58068 blocking tee 58065 (5-F.log)
[15:40:14] Killing stale sleep 58068 blocking tee 58065 (5-F.log)
[15:40:49] Killing stale sleep 58408 blocking tee 58405 (6-A.log)
[15:40:49] Killing stale sleep 58408 blocking tee 58405 (6-A.log)
[15:41:49] Killing stale sleep 58649 blocking tee 58646 (6-A.log)
[15:41:49] Killing stale sleep 58649 blocking tee 58646 (6-A.log)
[15:42:50] Killing stale sleep 58842 blocking tee 58839 (6-A.log)
[15:42:50] Killing stale sleep 58842 blocking tee 58839 (6-A.log)
[15:43:20] Killing stale sleep 59010 blocking tee 59007 (6-B.log)
[15:43:20] Killing stale sleep 59010 blocking tee 59007 (6-B.log)
[15:44:52] Killing stale sleep 59205 blocking tee 59202 (6-B.log)
[15:44:52] Killing stale sleep 59205 blocking tee 59202 (6-B.log)
[15:46:45] Killing stale sleep 59448 blocking tee 59445 (6-B.log)
[15:46:45] Killing stale sleep 59448 blocking tee 59445 (6-B.log)
[15:47:30] Killing stale sleep 59724 blocking tee 59721 (6-C.log)
[15:47:30] Killing stale sleep 59724 blocking tee 59721 (6-C.log)
[15:48:57] Killing stale sleep 59933 blocking tee 59930 (6-C.log)
[15:48:57] Killing stale sleep 59933 blocking tee 59930 (6-C.log)
[15:49:58] Killing stale sleep 60138 blocking tee 60135 (6-C.log)
[15:49:58] Killing stale sleep 60138 blocking tee 60135 (6-C.log)
[15:50:28] Killing stale sleep 60299 blocking tee 60296 (6-D.log)
[15:50:28] Killing stale sleep 60299 blocking tee 60296 (6-D.log)
[15:51:44] Killing stale sleep 60512 blocking tee 60509 (6-D.log)
[15:51:44] Killing stale sleep 60512 blocking tee 60509 (6-D.log)
[15:53:19] Killing stale sleep 60753 blocking tee 60750 (6-D.log)
[15:53:19] Killing stale sleep 60753 blocking tee 60750 (6-D.log)
[15:53:51] Killing stale sleep 61022 blocking tee 61019 (6-E.log)
[15:53:51] Killing stale sleep 61022 blocking tee 61019 (6-E.log)
[15:55:08] Killing stale sleep 61206 blocking tee 61203 (6-E.log)
[15:55:08] Killing stale sleep 61206 blocking tee 61203 (6-E.log)
[15:56:24] Killing stale sleep 61445 blocking tee 61442 (6-E.log)
[15:56:24] Killing stale sleep 61445 blocking tee 61442 (6-E.log)
[15:56:55] Killing stale sleep 61670 blocking tee 61667 (6-F.log)
[15:56:55] Killing stale sleep 61670 blocking tee 61667 (6-F.log)
[15:57:56] Killing stale sleep 61837 blocking tee 61834 (6-F.log)
[15:57:56] Killing stale sleep 61837 blocking tee 61834 (6-F.log)
[15:58:52] Killing stale sleep 62047 blocking tee 62044 (6-F.log)
[15:58:52] Killing stale sleep 62047 blocking tee 62044 (6-F.log)
[15:59:12] Killing stale sleep 62248 blocking tee 62245 (6-G.log)
[15:59:12] Killing stale sleep 62248 blocking tee 62245 (6-G.log)
[16:00:08] Killing stale sleep 62428 blocking tee 62425 (6-G.log)
[16:00:08] Killing stale sleep 62428 blocking tee 62425 (6-G.log)
[16:01:04] Killing stale sleep 62639 blocking tee 62636 (6-G.log)
[16:01:04] Killing stale sleep 62639 blocking tee 62636 (6-G.log)
